# JRE version: OpenJDK Runtime Environment (17.0.13+11) (build 17.0.13+11-Ubuntu-2ubuntu122.04)
# Java VM: OpenJDK 64-Bit Server VM (17.0.13+11-Ubuntu-2ubuntu122.04, mixed mode, sharing, tiered, compressed oops, compressed class ptrs, g1 gc, linux-amd64)
Heap:
 garbage-first heap   total 99328K, used 36982K [0x00000000c0000000, 0x0000000100000000)
  region size 1024K, 13 young (13312K), 4 survivors (4096K)
 Metaspace       used 28545K, committed 28864K, reserved 1114112K
  class space    used 3708K, committed 3904K, reserved 1048576K
GC Heap History (8 events):
Event: 0,531 GC heap before
{Heap before GC invocations=0 (full 0):
 garbage-first heap   total 253952K, used 31664K [0x00000000c0000000, 0x0000000100000000)
  region size 1024K, 23 young (23552K), 0 survivors (0K)
 Metaspace       used 3492K, committed 3648K, reserved 1114112K
  class space    used 256K, committed 320K, reserved 1048576K
}
Event: 0,536 GC heap after
{Heap after GC invocations=1 (full 0):
 garbage-first heap   total 253952K, used 22012K [0x00000000c0000000, 0x0000000100000000)
  region size 1024K, 3 young (3072K), 3 survivors (3072K)
 Metaspace       used 3492K, committed 3648K, reserved 1114112K
  class space    used 256K, committed 320K, reserved 1048576K
}
Event: 1,103 GC heap before
{Heap before GC invocations=1 (full 0):
 garbage-first heap   total 253952K, used 42492K [0x00000000c0000000, 0x0000000100000000)
  region size 1024K, 23 young (23552K), 3 survivors (3072K)
 Metaspace       used 12117K, committed 12352K, reserved 1114112K
  class space    used 1608K, committed 1728K, reserved 1048576K
}
Event: 1,105 GC heap after
{Heap after GC invocations=2 (full 0):
 garbage-first heap   total 253952K, used 24232K [0x00000000c0000000, 0x0000000100000000)
  region size 1024K, 3 young (3072K), 3 survivors (3072K)
 Metaspace       used 12117K, committed 12352K, reserved 1114112K
  class space    used 1608K, committed 1728K, reserved 1048576K
}
Event: 1,734 GC heap before
{Heap before GC invocations=2 (full 0):
 garbage-first heap   total 253952K, used 47784K [0x00000000c0000000, 0x0000000100000000)
  region size 1024K, 27 young (27648K), 3 survivors (3072K)
 Metaspace       used 21353K, committed 21504K, reserved 1114112K
  class space    used 2935K, committed 3008K, reserved 1048576K
}
Event: 1,739 GC heap after
{Heap after GC invocations=3 (full 0):
 garbage-first heap   total 253952K, used 26584K [0x00000000c0000000, 0x0000000100000000)
  region size 1024K, 5 young (5120K), 5 survivors (5120K)
 Metaspace       used 21353K, committed 21504K, reserved 1114112K
  class space    used 2935K, committed 3008K, reserved 1048576K
}
Event: 2,897 GC heap before
{Heap before GC invocations=4 (full 0):
 garbage-first heap   total 99328K, used 73688K [0x00000000c0000000, 0x0000000100000000)
  region size 1024K, 52 young (53248K), 5 survivors (5120K)
 Metaspace       used 26249K, committed 26496K, reserved 1114112K
  class space    used 3439K, committed 3584K, reserved 1048576K
}
Event: 2,925 GC heap after
{Heap after GC invocations=5 (full 0):
 garbage-first heap   total 99328K, used 28012K [0x00000000c0000000, 0x0000000100000000)
  region size 1024K, 4 young (4096K), 4 survivors (4096K)
 Metaspace       used 26249K, committed 26496K, reserved 1114112K
  class space    used 3439K, committed 3584K, reserved 1048576K
}

