# JRE version: OpenJDK Runtime Environment (17.0.13+11) (build 17.0.13+11-Ubuntu-2ubuntu122.04)
# Java VM: OpenJDK 64-Bit Server VM (17.0.13+11-Ubuntu-2ubuntu122.04, mixed mode, sharing, tiered, compressed oops, compressed class ptrs, g1 gc, linux-amd64)
Heap:
 garbage-first heap   total 99328K, used 63137K [0x00000000c0000000, 0x0000000100000000)
  region size 1024K, 16 young (16384K), 4 survivors (4096K)
 Metaspace       used 90190K, committed 90816K, reserved 1179648K
  class space    used 11938K, committed 12224K, reserved 1048576K
GC Heap History (20 events):
Event: 1,789 GC heap before
{Heap before GC invocations=2 (full 0):
 garbage-first heap   total 253952K, used 47788K [0x00000000c0000000, 0x0000000100000000)
  region size 1024K, 26 young (26624K), 2 survivors (2048K)
 Metaspace       used 21357K, committed 21504K, reserved 1114112K
  class space    used 2935K, committed 3008K, reserved 1048576K
}
Event: 1,793 GC heap after
{Heap after GC invocations=3 (full 0):
 garbage-first heap   total 253952K, used 26718K [0x00000000c0000000, 0x0000000100000000)
  region size 1024K, 5 young (5120K), 5 survivors (5120K)
 Metaspace       used 21357K, committed 21504K, reserved 1114112K
  class space    used 2935K, committed 3008K, reserved 1048576K
}
Event: 2,703 GC heap before
{Heap before GC invocations=4 (full 0):
 garbage-first heap   total 99328K, used 70750K [0x00000000c0000000, 0x0000000100000000)
  region size 1024K, 50 young (51200K), 5 survivors (5120K)
 Metaspace       used 25985K, committed 26240K, reserved 1114112K
  class space    used 3393K, committed 3520K, reserved 1048576K
}
Event: 2,711 GC heap after
{Heap after GC invocations=5 (full 0):
 garbage-first heap   total 99328K, used 27814K [0x00000000c0000000, 0x0000000100000000)
  region size 1024K, 4 young (4096K), 4 survivors (4096K)
 Metaspace       used 25985K, committed 26240K, reserved 1114112K
  class space    used 3393K, committed 3520K, reserved 1048576K
}
Event: 3,537 GC heap before
{Heap before GC invocations=5 (full 0):
 garbage-first heap   total 99328K, used 67750K [0x00000000c0000000, 0x0000000100000000)
  region size 1024K, 43 young (44032K), 4 survivors (4096K)
 Metaspace       used 35631K, committed 35904K, reserved 1114112K
  class space    used 4584K, committed 4736K, reserved 1048576K
}
Event: 3,545 GC heap after
{Heap after GC invocations=6 (full 0):
 garbage-first heap   total 99328K, used 30884K [0x00000000c0000000, 0x0000000100000000)
  region size 1024K, 5 young (5120K), 5 survivors (5120K)
 Metaspace       used 35631K, committed 35904K, reserved 1114112K
  class space    used 4584K, committed 4736K, reserved 1048576K
}
Event: 3,578 GC heap before
{Heap before GC invocations=6 (full 0):
 garbage-first heap   total 99328K, used 31908K [0x00000000c0000000, 0x0000000100000000)
  region size 1024K, 7 young (7168K), 5 survivors (5120K)
 Metaspace       used 36042K, committed 36288K, reserved 1114112K
  class space    used 4623K, committed 4736K, reserved 1048576K
}
Event: 3,582 GC heap after
{Heap after GC invocations=7 (full 0):
 garbage-first heap   total 99328K, used 31597K [0x00000000c0000000, 0x0000000100000000)
  region size 1024K, 1 young (1024K), 1 survivors (1024K)
 Metaspace       used 36042K, committed 36288K, reserved 1114112K
  class space    used 4623K, committed 4736K, reserved 1048576K
}
Event: 4,257 GC heap before
{Heap before GC invocations=8 (full 0):
 garbage-first heap   total 99328K, used 71533K [0x00000000c0000000, 0x0000000100000000)
  region size 1024K, 41 young (41984K), 1 survivors (1024K)
 Metaspace       used 44122K, committed 44480K, reserved 1114112K
  class space    used 5596K, committed 5760K, reserved 1048576K
}
Event: 4,259 GC heap after
{Heap after GC invocations=9 (full 0):
 garbage-first heap   total 99328K, used 32694K [0x00000000c0000000, 0x0000000100000000)
  region size 1024K, 2 young (2048K), 2 survivors (2048K)
 Metaspace       used 44122K, committed 44480K, reserved 1114112K
  class space    used 5596K, committed 5760K, reserved 1048576K
}
Event: 5,135 GC heap before
{Heap before GC invocations=9 (full 0):
 garbage-first heap   total 99328K, used 72630K [0x00000000c0000000, 0x0000000100000000)
  region size 1024K, 42 young (43008K), 2 survivors (2048K)
 Metaspace       used 53156K, committed 53504K, reserved 1114112K
  class space    used 6658K, committed 6848K, reserved 1048576K
}
Event: 5,138 GC heap after
{Heap after GC invocations=10 (full 0):
 garbage-first heap   total 99328K, used 35552K [0x00000000c0000000, 0x0000000100000000)
  region size 1024K, 5 young (5120K), 5 survivors (5120K)
 Metaspace       used 53156K, committed 53504K, reserved 1114112K
  class space    used 6658K, committed 6848K, reserved 1048576K
}
Event: 5,586 GC heap before
{Heap before GC invocations=10 (full 0):
 garbage-first heap   total 99328K, used 62176K [0x00000000c0000000, 0x0000000100000000)
  region size 1024K, 31 young (31744K), 5 survivors (5120K)
 Metaspace       used 60766K, committed 61056K, reserved 1114112K
  class space    used 7650K, committed 7808K, reserved 1048576K
}
Event: 5,592 GC heap after
{Heap after GC invocations=11 (full 0):
 garbage-first heap   total 99328K, used 37323K [0x00000000c0000000, 0x0000000100000000)
  region size 1024K, 5 young (5120K), 5 survivors (5120K)
 Metaspace       used 60766K, committed 61056K, reserved 1114112K
  class space    used 7650K, committed 7808K, reserved 1048576K
}
Event: 6,419 GC heap before
{Heap before GC invocations=12 (full 0):
 garbage-first heap   total 99328K, used 76235K [0x00000000c0000000, 0x0000000100000000)
  region size 1024K, 43 young (44032K), 5 survivors (5120K)
 Metaspace       used 70348K, committed 70656K, reserved 1114112K
  class space    used 9151K, committed 9280K, reserved 1048576K
}
Event: 6,424 GC heap after
{Heap after GC invocations=13 (full 0):
 garbage-first heap   total 99328K, used 40334K [0x00000000c0000000, 0x0000000100000000)
  region size 1024K, 5 young (5120K), 5 survivors (5120K)
 Metaspace       used 70348K, committed 70656K, reserved 1114112K
  class space    used 9151K, committed 9280K, reserved 1048576K
}
Event: 7,212 GC heap before
{Heap before GC invocations=13 (full 0):
 garbage-first heap   total 99328K, used 76174K [0x00000000c0000000, 0x0000000100000000)
  region size 1024K, 41 young (41984K), 5 survivors (5120K)
 Metaspace       used 82154K, committed 82624K, reserved 1179648K
  class space    used 10702K, committed 10944K, reserved 1048576K
}
Event: 7,217 GC heap after
{Heap after GC invocations=14 (full 0):
 garbage-first heap   total 99328K, used 43202K [0x00000000c0000000, 0x0000000100000000)
  region size 1024K, 6 young (6144K), 6 survivors (6144K)
 Metaspace       used 82154K, committed 82624K, reserved 1179648K
  class space    used 10702K, committed 10944K, reserved 1048576K
}
Event: 7,897 GC heap before
{Heap before GC invocations=14 (full 0):
 garbage-first heap   total 99328K, used 81090K [0x00000000c0000000, 0x0000000100000000)
  region size 1024K, 40 young (40960K), 6 survivors (6144K)
 Metaspace       used 88366K, committed 88832K, reserved 1179648K
  class space    used 11566K, committed 11776K, reserved 1048576K
}
Event: 7,905 GC heap after
{Heap after GC invocations=15 (full 0):
 garbage-first heap   total 99328K, used 46187K [0x00000000c0000000, 0x0000000100000000)
  region size 1024K, 4 young (4096K), 4 survivors (4096K)
 Metaspace       used 88366K, committed 88832K, reserved 1179648K
  class space    used 11566K, committed 11776K, reserved 1048576K
}

